Passing: 6/59


I1K	    Could not compile         
I1N         Could not compile
I1K1        Could not compile
I1X         Could not compile
I1X1        Could not compile
IK          PASSED
IK1         PASSED
IKpsk1      PASSED
IKpsk2      PASSED
IN          FAILED
INpsk1      FAILED
INpsk2      FAILED
IX          PASSED
IX1         Could not compile
IXpsk2      PASSED
K           Could not compile
K1K         Could not compile
K1K1        Could not compile
K1N         Could not compile
K1X         Could not compile
K1X1        Could not compile
KK          Could not compile
KK1         Could not compile
KKpsk0      Could not compile
KKpsk2      Could not compile
KN          Could not compile
KNpsk0      Could not compile
KNpsk2      Could not compile
Kpsk0       Could not compile
KX          Could not compile
KX1         Could not compile
KXpsk2      Could not compile
N           Could not compile
NK          Test Failed
NK1         FAILED
NKpsk0      FAILED
NKpsk2      FAILED
NN          FAILED
NNpsk0      FAILED
NNpsk2      FAILED
Npsk0       Could not compile
NX          FAILED
NX1         Could not compile
NXpsk2      Could not compile
X           Could not compile
X1K         Could not compile
X1K1        Could not compile
X1N         Could not compile
X1X         Could not compile
X1X1        Could not compile
XK          Could not compile
XK1         Could not compile
XKpsk3      Could not compile
XN          Could not compile
XNpsk3      Could not compile
Xpsk1       Could not compile
XX          Could not compile
XX1         Could not compile
XXpsk3      Could not compile
